0 info it worked if it ends with ok
1 verbose cli [ '/Users/Robert/.nvm/versions/node/v6.1.0/bin/node',
1 verbose cli   '/Users/Robert/.nvm/versions/node/v6.1.0/bin/npm',
1 verbose cli   'run',
1 verbose cli   'dev' ]
2 info using npm@3.10.5
3 info using node@v6.1.0
4 verbose run-script [ 'predev', 'dev', 'postdev' ]
5 info lifecycle homebridge-plugin-chromecast@1.0.0~predev: homebridge-plugin-chromecast@1.0.0
6 silly lifecycle homebridge-plugin-chromecast@1.0.0~predev: no script for predev, continuing
7 info lifecycle homebridge-plugin-chromecast@1.0.0~dev: homebridge-plugin-chromecast@1.0.0
8 verbose lifecycle homebridge-plugin-chromecast@1.0.0~dev: unsafe-perm in lifecycle true
9 verbose lifecycle homebridge-plugin-chromecast@1.0.0~dev: PATH: /Users/Robert/.nvm/versions/node/v6.1.0/lib/node_modules/npm/bin/node-gyp-bin:/Users/Robert/Code/_Playing/homebridge/homebridge-chromecast/node_modules/.bin:/Users/Robert/.nvm/versions/node/v6.1.0/bin:/Users/Robert/Downloads/google-cloud-sdk/bin:/Users/Robert/.nvm/versions/node/v6.1.0/bin:/usr/local/bin:/usr/bin:/bin:/usr/sbin:/sbin:/opt/X11/bin:/Users/Robert/Library/Android/sdk/platform-toolseval
10 verbose lifecycle homebridge-plugin-chromecast@1.0.0~dev: CWD: /Users/Robert/Code/_Playing/homebridge/homebridge-chromecast
11 silly lifecycle homebridge-plugin-chromecast@1.0.0~dev: Args: [ '-c', 'homebridge -D -P ./ -U ./config' ]
12 silly lifecycle homebridge-plugin-chromecast@1.0.0~dev: Returned: code: 1  signal: null
13 info lifecycle homebridge-plugin-chromecast@1.0.0~dev: Failed to exec dev script
14 verbose stack Error: homebridge-plugin-chromecast@1.0.0 dev: `homebridge -D -P ./ -U ./config`
14 verbose stack Exit status 1
14 verbose stack     at EventEmitter.<anonymous> (/Users/Robert/.nvm/versions/node/v6.1.0/lib/node_modules/npm/lib/utils/lifecycle.js:242:16)
14 verbose stack     at emitTwo (events.js:106:13)
14 verbose stack     at EventEmitter.emit (events.js:191:7)
14 verbose stack     at ChildProcess.<anonymous> (/Users/Robert/.nvm/versions/node/v6.1.0/lib/node_modules/npm/lib/utils/spawn.js:40:14)
14 verbose stack     at emitTwo (events.js:106:13)
14 verbose stack     at ChildProcess.emit (events.js:191:7)
14 verbose stack     at maybeClose (internal/child_process.js:850:16)
14 verbose stack     at Process.ChildProcess._handle.onexit (internal/child_process.js:215:5)
15 verbose pkgid homebridge-plugin-chromecast@1.0.0
16 verbose cwd /Users/Robert/Code/_Playing/homebridge/homebridge-chromecast
17 error Darwin 16.0.0
18 error argv "/Users/Robert/.nvm/versions/node/v6.1.0/bin/node" "/Users/Robert/.nvm/versions/node/v6.1.0/bin/npm" "run" "dev"
19 error node v6.1.0
20 error npm  v3.10.5
21 error code ELIFECYCLE
22 error homebridge-plugin-chromecast@1.0.0 dev: `homebridge -D -P ./ -U ./config`
22 error Exit status 1
23 error Failed at the homebridge-plugin-chromecast@1.0.0 dev script 'homebridge -D -P ./ -U ./config'.
23 error Make sure you have the latest version of node.js and npm installed.
23 error If you do, this is most likely a problem with the homebridge-plugin-chromecast package,
23 error not with npm itself.
23 error Tell the author that this fails on your system:
23 error     homebridge -D -P ./ -U ./config
23 error You can get information on how to open an issue for this project with:
23 error     npm bugs homebridge-plugin-chromecast
23 error Or if that isn't available, you can get their info via:
23 error     npm owner ls homebridge-plugin-chromecast
23 error There is likely additional logging output above.
24 verbose exit [ 1, true ]
